<?xml version="1.0" encoding="UTF-8"?>
<!-- Generated by org.testng.reporters.JUnitReportReporter -->
<testsuite skipped="0" hostname="HP" name="com.grootan.qa.testcases.GrootanTest" tests="8" failures="0" timestamp="2020-12-26T22:29:15 IST" time="83.496" errors="0">
  <testcase name="click_On_HomeSection_And_TakeScreenshot" time="10.400" classname="com.grootan.qa.testcases.GrootanTest"/>
  <system-out>
<br><img src='C:\Users\VICKY\Desktop\Liya\Selenium\Grootan\Folder1/Home.png' height='400' width='400'/><br>  </system-out>
  <testcase name="click_On_ServicesSection_And_TakeScreenshot" time="11.275" classname="com.grootan.qa.testcases.GrootanTest"/>
  <system-out>
<br><img src='C:\Users\VICKY\Desktop\Liya\Selenium\Grootan\Folder1/Services.png' height='400' width='400'/><br>  </system-out>
  <testcase name="click_On_OpenSourceSection_And_TakeScreenshot" time="9.392" classname="com.grootan.qa.testcases.GrootanTest"/>
  <system-out>
<br><img src='C:\Users\VICKY\Desktop\Liya\Selenium\Grootan\Folder1/Open Source.png' height='400' width='400'/><br>  </system-out>
  <testcase name="click_On_BlogSection_And_TakeScreenshot" time="12.900" classname="com.grootan.qa.testcases.GrootanTest"/>
  <system-out>
<br><img src='C:\Users\VICKY\Desktop\Liya\Selenium\Grootan\Folder1/Blog.png' height='400' width='400'/><br>  </system-out>
  <testcase name="click_On_TeamcSection_And_TakeScreenshot" time="9.000" classname="com.grootan.qa.testcases.GrootanTest"/>
  <system-out>
<br><img src='C:\Users\VICKY\Desktop\Liya\Selenium\Grootan\Folder1/Team.png' height='400' width='400'/><br>  </system-out>
  <testcase name="click_On_CareersSection_And_TakeScreenshot" time="12.551" classname="com.grootan.qa.testcases.GrootanTest"/>
  <system-out>
<br><img src='C:\Users\VICKY\Desktop\Liya\Selenium\Grootan\Folder1/Careers.png' height='400' width='400'/><br>  </system-out>
  <testcase name="click_On_ContactUSSection_And_TakeScreenshot" time="9.748" classname="com.grootan.qa.testcases.GrootanTest"/>
  <system-out>
<br><img src='C:\Users\VICKY\Desktop\Liya\Selenium\Grootan\Folder1/Contact Us.png' height='400' width='400'/><br>  </system-out>
  <testcase name="compareFolder1AndFolder2" time="8.230" classname="com.grootan.qa.testcases.GrootanTest"/>
  <system-out/>
</testsuite> <!-- com.grootan.qa.testcases.GrootanTest -->
